<?xml version="1.0" encoding="UTF-8"?>
<!-- Generated by org.testng.reporters.JUnitReportReporter -->
<testsuite name="com.testcases.nse.DataproviderTest" tests="52" time="0.432" ignored="0" failures="0" timestamp="11 Mar 2020 14:35:34 GMT" skipped="0" hostname="LAPTOP-DNV4PNFG" errors="0">
  <testcase name="test1" time="0.013" classname="com.testcases.nse.DataproviderTest"/>
  <testcase name="test1" time="0.000" classname="com.testcases.nse.DataproviderTest"/>
  <testcase name="test2" time="0.000" classname="com.testcases.nse.DataproviderTest"/>
  <testcase name="test2" time="0.000" classname="com.testcases.nse.DataproviderTest"/>
  <testcase name="test1" time="0.014" classname="com.testcases.nse.DataproviderTest"/>
  <testcase name="test2" time="0.000" classname="com.testcases.nse.DataproviderTest"/>
  <testcase name="test" time="0.015" classname="com.testcases.nse.DataproviderTest"/>
  <testcase name="test1" time="0.013" classname="com.testcases.nse.DataproviderTest"/>
  <testcase name="test3" time="0.003" classname="com.testcases.nse.DataproviderTest"/>
  <testcase name="test3" time="0.005" classname="com.testcases.nse.DataproviderTest"/>
  <testcase name="test1" time="0.014" classname="com.testcases.nse.DataproviderTest"/>
  <testcase name="test3" time="0.000" classname="com.testcases.nse.DataproviderTest"/>
  <testcase name="test1" time="0.014" classname="com.testcases.nse.DataproviderTest"/>
  <testcase name="test1" time="0.000" classname="com.testcases.nse.DataproviderTest"/>
  <testcase name="test1" time="0.014" classname="com.testcases.nse.DataproviderTest"/>
  <testcase name="test3" time="0.021" classname="com.testcases.nse.DataproviderTest"/>
  <testcase name="test2" time="0.000" classname="com.testcases.nse.DataproviderTest"/>
  <testcase name="test3" time="0.000" classname="com.testcases.nse.DataproviderTest"/>
  <testcase name="test3" time="0.005" classname="com.testcases.nse.DataproviderTest"/>
  <testcase name="test2" time="0.000" classname="com.testcases.nse.DataproviderTest"/>
  <testcase name="test3" time="0.003" classname="com.testcases.nse.DataproviderTest"/>
  <testcase name="test" time="0.026" classname="com.testcases.nse.DataproviderTest"/>
  <testcase name="test2" time="0.015" classname="com.testcases.nse.DataproviderTest"/>
  <testcase name="test3" time="0.004" classname="com.testcases.nse.DataproviderTest"/>
  <testcase name="test" time="0.015" classname="com.testcases.nse.DataproviderTest"/>
  <testcase name="test2" time="0.000" classname="com.testcases.nse.DataproviderTest"/>
  <testcase name="test1" time="0.012" classname="com.testcases.nse.DataproviderTest"/>
  <testcase name="test1" time="0.014" classname="com.testcases.nse.DataproviderTest"/>
  <testcase name="test" time="0.000" classname="com.testcases.nse.DataproviderTest"/>
  <testcase name="test" time="0.000" classname="com.testcases.nse.DataproviderTest"/>
  <testcase name="test3" time="0.000" classname="com.testcases.nse.DataproviderTest"/>
  <testcase name="test" time="0.015" classname="com.testcases.nse.DataproviderTest"/>
  <testcase name="test" time="0.026" classname="com.testcases.nse.DataproviderTest"/>
  <testcase name="test" time="0.025" classname="com.testcases.nse.DataproviderTest"/>
  <testcase name="test3" time="0.004" classname="com.testcases.nse.DataproviderTest"/>
  <testcase name="test" time="0.000" classname="com.testcases.nse.DataproviderTest"/>
  <testcase name="test2" time="0.000" classname="com.testcases.nse.DataproviderTest"/>
  <testcase name="test3" time="0.005" classname="com.testcases.nse.DataproviderTest"/>
  <testcase name="test2" time="0.000" classname="com.testcases.nse.DataproviderTest"/>
  <testcase name="test1" time="0.014" classname="com.testcases.nse.DataproviderTest"/>
  <testcase name="test1" time="0.000" classname="com.testcases.nse.DataproviderTest"/>
  <testcase name="test3" time="0.004" classname="com.testcases.nse.DataproviderTest"/>
  <testcase name="test" time="0.026" classname="com.testcases.nse.DataproviderTest"/>
  <testcase name="test3" time="0.000" classname="com.testcases.nse.DataproviderTest"/>
  <testcase name="test2" time="0.015" classname="com.testcases.nse.DataproviderTest"/>
  <testcase name="test2" time="0.015" classname="com.testcases.nse.DataproviderTest"/>
  <testcase name="test2" time="0.000" classname="com.testcases.nse.DataproviderTest"/>
  <testcase name="test2" time="0.000" classname="com.testcases.nse.DataproviderTest"/>
  <testcase name="test" time="0.024" classname="com.testcases.nse.DataproviderTest"/>
  <testcase name="test" time="0.024" classname="com.testcases.nse.DataproviderTest"/>
  <testcase name="test1" time="0.000" classname="com.testcases.nse.DataproviderTest"/>
  <testcase name="test" time="0.015" classname="com.testcases.nse.DataproviderTest"/>
</testsuite> <!-- com.testcases.nse.DataproviderTest -->
