<?xml version="1.0" encoding="UTF-8"?>
<!-- Generated by org.testng.reporters.JUnitReportReporter -->
<testsuite name="com.testcases.nse.PriorityCheck" tests="2" time="0.016" ignored="0" failures="0" timestamp="14 Mar 2020 07:00:47 GMT" skipped="0" hostname="LAPTOP-DNV4PNFG" errors="0">
  <testcase name="atest2" time="0.015" classname="com.testcases.nse.PriorityCheck"/>
  <testcase name="test1" time="0.001" classname="com.testcases.nse.PriorityCheck"/>
</testsuite> <!-- com.testcases.nse.PriorityCheck -->
