<?xml version="1.0" encoding="UTF-8"?>
<!-- Generated by org.testng.reporters.JUnitReportReporter -->
<testsuite name="com.testcases.nse.CookieManagement" tests="1" time="13.810" ignored="0" failures="0" timestamp="08 Mar 2020 06:28:51 GMT" skipped="0" hostname="LAPTOP-DNV4PNFG" errors="0">
  <testcase name="test" time="13.810" classname="com.testcases.nse.CookieManagement"/>
</testsuite> <!-- com.testcases.nse.CookieManagement -->
