<?xml version="1.0" encoding="UTF-8"?>
<!-- Generated by org.testng.reporters.JUnitReportReporter -->
<testsuite name="com.testcases.nse.Launchpage" tests="1" time="8.090" ignored="0" failures="0" timestamp="06 Mar 2020 16:52:25 GMT" skipped="0" hostname="LAPTOP-DNV4PNFG" errors="1">
  <testcase name="launchChrome" time="8.090" classname="com.testcases.nse.Launchpage">
    <error type="java.lang.NullPointerException">
      <![CDATA[java.lang.NullPointerException
	at com.ObjectRepositries.Homepage.launchWebpage(Homepage.java:22)
	at com.testcases.nse.Launchpage.launchChrome(Launchpage.java:19)
	at sun.reflect.NativeMethodAccessorImpl.invoke0(Native Method)
	at sun.reflect.NativeMethodAccessorImpl.invoke(NativeMethodAccessorImpl.java:62)
	at sun.reflect.DelegatingMethodAccessorImpl.invoke(DelegatingMethodAccessorImpl.java:43)
	at java.lang.reflect.Method.invoke(Method.java:498)
	at org.testng.internal.MethodInvocationHelper.invokeMethod(MethodInvocationHelper.java:104)
	at org.testng.internal.Invoker.invokeMethod(Invoker.java:645)
	at org.testng.internal.Invoker.invokeTestMethod(Invoker.java:851)
	at org.testng.internal.Invoker.invokeTestMethods(Invoker.java:1177)
	at org.testng.internal.TestMethodWorker.invokeTestMethods(TestMethodWorker.java:129)
	at org.testng.internal.TestMethodWorker.run(TestMethodWorker.java:112)
	at java.util.concurrent.ThreadPoolExecutor.runWorker(ThreadPoolExecutor.java:1149)
	at java.util.concurrent.ThreadPoolExecutor$Worker.run(ThreadPoolExecutor.java:624)
	at java.lang.Thread.run(Thread.java:748)
]]>
    </error>
  </testcase> <!-- launchChrome -->
</testsuite> <!-- com.testcases.nse.Launchpage -->
