<?xml version="1.0" encoding="UTF-8"?>
<!-- Generated by org.testng.reporters.JUnitReportReporter -->
<testsuite name="com.testcases.nse.NaukriComWindow" tests="1" time="33.146" ignored="0" failures="0" timestamp="08 Mar 2020 04:42:11 GMT" skipped="0" hostname="LAPTOP-DNV4PNFG" errors="0">
  <testcase name="test" time="33.146" classname="com.testcases.nse.NaukriComWindow"/>
</testsuite> <!-- com.testcases.nse.NaukriComWindow -->
