<?xml version="1.0" encoding="UTF-8"?>
<!-- Generated by org.testng.reporters.JUnitReportReporter -->
<testsuite name="com.testcases.nse.Demo" tests="1" time="14.465" ignored="0" failures="0" timestamp="05 Mar 2020 14:37:08 GMT" skipped="0" hostname="LAPTOP-DNV4PNFG" errors="0">
  <testcase name="m1" time="14.465" classname="com.testcases.nse.Demo"/>
</testsuite> <!-- com.testcases.nse.Demo -->
