<?xml version="1.0" encoding="UTF-8"?>
<!-- Generated by org.testng.reporters.JUnitReportReporter -->
<testsuite name="com.testcases.nse.DropdownCompanies" tests="1" time="33.790" ignored="0" failures="0" timestamp="07 Mar 2020 08:05:38 GMT" skipped="0" hostname="LAPTOP-DNV4PNFG" errors="0">
  <testcase name="test" time="33.790" classname="com.testcases.nse.DropdownCompanies"/>
</testsuite> <!-- com.testcases.nse.DropdownCompanies -->
