<?xml version="1.0" encoding="UTF-8"?>
<!-- Generated by org.testng.reporters.JUnitReportReporter -->
<testsuite name="com.testcases.nse.ActionsClass" tests="1" time="189.396" ignored="0" failures="0" timestamp="08 Mar 2020 05:56:39 GMT" skipped="0" hostname="LAPTOP-DNV4PNFG" errors="0">
  <testcase name="test" time="189.396" classname="com.testcases.nse.ActionsClass"/>
</testsuite> <!-- com.testcases.nse.ActionsClass -->
