<?xml version="1.0" encoding="UTF-8"?>
<!-- Generated by org.testng.reporters.JUnitReportReporter -->
<testsuite name="com.testng.selenium.Sample1" tests="3" time="0.021" ignored="0" failures="0" timestamp="01 Mar 2020 12:51:29 GMT" skipped="0" hostname="LAPTOP-DNV4PNFG" errors="0">
  <testcase name="m2" time="0.004" classname="com.testng.selenium.Sample1"/>
  <testcase name="m1" time="0.015" classname="com.testng.selenium.Sample1"/>
  <testcase name="m3" time="0.002" classname="com.testng.selenium.Sample1"/>
</testsuite> <!-- com.testng.selenium.Sample1 -->
