<?xml version="1.0" encoding="UTF-8"?>
<!-- Generated by org.testng.reporters.JUnitReportReporter -->
<testsuite name="com.testcases.nse.TitleBarLinks" tests="1" time="231.160" ignored="0" failures="0" timestamp="07 Mar 2020 05:52:24 GMT" skipped="0" hostname="LAPTOP-DNV4PNFG" errors="0">
  <testcase name="clickAllLinks" time="231.160" classname="com.testcases.nse.TitleBarLinks"/>
</testsuite> <!-- com.testcases.nse.TitleBarLinks -->
