<?xml version="1.0" encoding="UTF-8"?>
<!-- Generated by org.testng.reporters.JUnitReportReporter -->
<testsuite name="com.testcases.nse.LinkName" tests="1" time="152.569" ignored="0" failures="0" timestamp="03 Jun 2020 17:24:21 GMT" skipped="0" hostname="LAPTOP-DNV4PNFG" errors="0">
  <testcase name="name" time="152.569" classname="com.testcases.nse.LinkName"/>
</testsuite> <!-- com.testcases.nse.LinkName -->
