<?xml version="1.0" encoding="UTF-8"?>
<!-- Generated by org.testng.reporters.JUnitReportReporter -->
<testsuite name="com.testcases.nse.DropdownSelect" tests="1" time="29.144" ignored="0" failures="0" timestamp="07 Mar 2020 07:57:44 GMT" skipped="0" hostname="LAPTOP-DNV4PNFG" errors="0">
  <testcase name="dropdownElement" time="29.144" classname="com.testcases.nse.DropdownSelect"/>
</testsuite> <!-- com.testcases.nse.DropdownSelect -->
