<?xml version="1.0" encoding="UTF-8"?>
<!-- Generated by org.testng.reporters.JUnitReportReporter -->
<testsuite name="com.maven.selenium.Maven.AppTest" tests="1" time="0.349" ignored="0" failures="0" timestamp="29 Feb 2020 05:15:24 GMT" skipped="0" hostname="LAPTOP-DNV4PNFG" errors="0">
  <testcase name="testlog" time="0.349" classname="com.maven.selenium.Maven.AppTest"/>
</testsuite> <!-- com.maven.selenium.Maven.AppTest -->
