<?xml version="1.0" encoding="UTF-8"?>
<!-- Generated by org.testng.reporters.JUnitReportReporter -->
<testsuite name="com.testcases.nse.Dataprovider1" tests="13" time="0.023" ignored="0" failures="0" timestamp="11 Mar 2020 14:01:43 GMT" skipped="0" hostname="LAPTOP-DNV4PNFG" errors="0">
  <testcase name="test" time="0.001" classname="com.testcases.nse.Dataprovider1"/>
  <testcase name="test" time="0.001" classname="com.testcases.nse.Dataprovider1"/>
  <testcase name="test" time="0.001" classname="com.testcases.nse.Dataprovider1"/>
  <testcase name="test" time="0.001" classname="com.testcases.nse.Dataprovider1"/>
  <testcase name="test" time="0.001" classname="com.testcases.nse.Dataprovider1"/>
  <testcase name="test" time="0.001" classname="com.testcases.nse.Dataprovider1"/>
  <testcase name="test" time="0.012" classname="com.testcases.nse.Dataprovider1"/>
  <testcase name="test" time="0.000" classname="com.testcases.nse.Dataprovider1"/>
  <testcase name="test" time="0.001" classname="com.testcases.nse.Dataprovider1"/>
  <testcase name="test" time="0.001" classname="com.testcases.nse.Dataprovider1"/>
  <testcase name="test" time="0.001" classname="com.testcases.nse.Dataprovider1"/>
  <testcase name="test" time="0.001" classname="com.testcases.nse.Dataprovider1"/>
  <testcase name="test" time="0.001" classname="com.testcases.nse.Dataprovider1"/>
</testsuite> <!-- com.testcases.nse.Dataprovider1 -->
