<?xml version="1.0" encoding="UTF-8"?>
<!-- Generated by org.testng.reporters.JUnitReportReporter -->
<testsuite name="com.testcases.nse.LinkName" tests="1" time="117.743" ignored="0" failures="0" timestamp="06 Mar 2020 17:49:17 GMT" skipped="0" hostname="LAPTOP-DNV4PNFG" errors="0">
  <testcase name="name" time="117.743" classname="com.testcases.nse.LinkName"/>
</testsuite> <!-- com.testcases.nse.LinkName -->
