<?xml version="1.0" encoding="UTF-8"?>
<!-- Generated by org.testng.reporters.JUnitReportReporter -->
<testsuite name="com.maven.selenium.Maven.stockName" tests="1" time="21.135" ignored="0" failures="0" timestamp="29 Feb 2020 10:26:37 GMT" skipped="0" hostname="LAPTOP-DNV4PNFG" errors="0">
  <testcase name="launchHomePage" time="21.135" classname="com.maven.selenium.Maven.stockName"/>
</testsuite> <!-- com.maven.selenium.Maven.stockName -->
