<?xml version="1.0" encoding="UTF-8"?>
<!-- Generated by org.testng.reporters.JUnitReportReporter -->
<testsuite name="com.testcases.nse.AllLinkInWebpage" tests="1" time="39.170" ignored="0" failures="0" timestamp="06 Mar 2020 16:52:25 GMT" skipped="0" hostname="LAPTOP-DNV4PNFG" errors="0">
  <testcase name="link" time="39.170" classname="com.testcases.nse.AllLinkInWebpage"/>
</testsuite> <!-- com.testcases.nse.AllLinkInWebpage -->
