<?xml version="1.0" encoding="UTF-8"?>
<!-- Generated by org.testng.reporters.JUnitReportReporter -->
<testsuite name="com.maven.selenium.com.maven.RestAssuredApi.StaticJson" tests="1" time="3.047" ignored="0" failures="0" timestamp="12 Apr 2020 10:34:40 GMT" skipped="0" hostname="LAPTOP-DNV4PNFG" errors="0">
  <testcase name="addBook" time="3.047" classname="com.maven.selenium.com.maven.RestAssuredApi.StaticJson"/>
</testsuite> <!-- com.maven.selenium.com.maven.RestAssuredApi.StaticJson -->
