<?xml version="1.0" encoding="UTF-8"?>
<!-- Generated by org.testng.reporters.JUnitReportReporter -->
<testsuite name="com.maven.selenium.com.maven.RestAssuredApi.AddBook" tests="3" time="8.643" ignored="0" failures="0" timestamp="29 May 2020 11:06:35 GMT" skipped="0" hostname="LAPTOP-DNV4PNFG" errors="0">
  <testcase name="addBook" time="0.616" classname="com.maven.selenium.com.maven.RestAssuredApi.AddBook"/>
  <testcase name="addBook" time="0.967" classname="com.maven.selenium.com.maven.RestAssuredApi.AddBook"/>
  <testcase name="addBook" time="7.060" classname="com.maven.selenium.com.maven.RestAssuredApi.AddBook"/>
</testsuite> <!-- com.maven.selenium.com.maven.RestAssuredApi.AddBook -->
