<?xml version="1.0" encoding="UTF-8"?>
<!-- Generated by org.testng.reporters.JUnitReportReporter -->
<testsuite name="ParseJson" tests="1" time="3.234" ignored="0" failures="0" timestamp="10 Apr 2021 08:31:51 GMT" skipped="0" hostname="LAPTOP-DNV4PNFG" errors="0">
  <testcase name="JsonParser" time="3.234" classname="ParseJson"/>
</testsuite> <!-- ParseJson -->
