<?xml version="1.0" encoding="UTF-8"?>
<!-- Generated by org.testng.reporters.JUnitReportReporter -->
<testsuite name="GetApiTest" tests="2" time="18.382" ignored="0" failures="0" timestamp="09 Apr 2021 17:16:10 GMT" skipped="0" hostname="LAPTOP-DNV4PNFG" errors="0">
  <testcase name="getTest" time="15.483" classname="GetApiTest"/>
  <testcase name="getTestWithHeaders" time="2.899" classname="GetApiTest"/>
</testsuite> <!-- GetApiTest -->
