<?xml version="1.0" encoding="UTF-8"?>
<!-- Generated by org.testng.reporters.JUnitReportReporter -->
<testsuite ignored="0" hostname="LAPTOP-DNV4PNFG" failures="0" tests="1" name="PostApiTest" time="1.720" errors="0" timestamp="25 Apr 2021 06:45:17 GMT" skipped="0">
  <testcase classname="PostApiTest" name="postTest" time="1.720"/>
</testsuite> <!-- PostApiTest -->
