<?xml version="1.0" encoding="UTF-8"?>
<!-- Generated by org.testng.reporters.JUnitReportReporter -->
<testsuite skipped="0" hostname="LAPTOP-DNV4PNFG" name="Jy.Youtube.DataProviderTestClass" tests="3" failures="0" timestamp="12 Feb 2021 18:18:25 GMT" time="0.081" errors="0">
  <testcase name="test" time="0.075" classname="Jy.Youtube.DataProviderTestClass"/>
  <testcase name="test" time="0.003" classname="Jy.Youtube.DataProviderTestClass"/>
  <testcase name="test" time="0.003" classname="Jy.Youtube.DataProviderTestClass"/>
</testsuite> <!-- Jy.Youtube.DataProviderTestClass -->
