<?xml version="1.0" encoding="UTF-8"?>
<!-- Generated by org.testng.reporters.JUnitReportReporter -->
<testsuite skipped="0" hostname="LAPTOP-DNV4PNFG" name="Jy.Youtube.CopyMeetingLink" tests="1" failures="0" timestamp="24 Feb 2021 05:24:15 GMT" time="41.380" errors="0">
  <testcase name="m1" time="41.380" classname="Jy.Youtube.CopyMeetingLink"/>
</testsuite> <!-- Jy.Youtube.CopyMeetingLink -->
