<?xml version="1.0" encoding="UTF-8"?>
<!-- Generated by org.testng.reporters.JUnitReportReporter -->
<testsuite skipped="0" hostname="LAPTOP-DNV4PNFG" name="Jy.Youtube.Youtube" tests="1" failures="0" timestamp="13 Jan 2021 17:35:44 GMT" time="16.697" errors="0">
  <testcase name="views" time="16.697" classname="Jy.Youtube.Youtube"/>
</testsuite> <!-- Jy.Youtube.Youtube -->
