<?xml version="1.0" encoding="UTF-8"?>
<!-- Generated by org.testng.reporters.JUnitReportReporter -->
<testsuite skipped="0" hostname="LAPTOP-DNV4PNFG" name="Jy.Youtube.Location" tests="1" failures="0" timestamp="11 Feb 2021 05:13:39 GMT" time="24.782" errors="0">
  <testcase name="demoLocation" time="24.782" classname="Jy.Youtube.Location"/>
</testsuite> <!-- Jy.Youtube.Location -->
