<?xml version="1.0" encoding="UTF-8"?>
<!-- Generated by org.testng.reporters.JUnitReportReporter -->
<testsuite skipped="0" hostname="LAPTOP-DNV4PNFG" name="Jy.Youtube.FactoryTestClass" tests="1" failures="0" timestamp="16 Feb 2021 08:10:27 GMT" time="0.002" errors="0">
  <testcase name="testMethod" time="0.002" classname="Jy.Youtube.FactoryTestClass"/>
</testsuite> <!-- Jy.Youtube.FactoryTestClass -->
