<?xml version="1.0" encoding="UTF-8"?>
<!-- Generated by org.testng.reporters.JUnitReportReporter -->
<testsuite skipped="0" hostname="LAPTOP-DNV4PNFG" name="Jy.Youtube.DemoGrid" tests="1" failures="0" timestamp="25 Jan 2021 18:06:50 GMT" time="53.113" errors="0">
  <testcase name="demoGridTest" time="53.113" classname="Jy.Youtube.DemoGrid"/>
</testsuite> <!-- Jy.Youtube.DemoGrid -->
