<?xml version="1.0" encoding="UTF-8"?>
<!-- Generated by org.testng.reporters.JUnitReportReporter -->
<testsuite skipped="0" hostname="LAPTOP-DNV4PNFG" name="Jy.Youtube.MultiWindow" tests="1" failures="0" timestamp="02 Feb 2021 11:56:45 GMT" time="17.822" errors="0">
  <testcase name="demoGridTest" time="17.822" classname="Jy.Youtube.MultiWindow"/>
</testsuite> <!-- Jy.Youtube.MultiWindow -->
