<?xml version="1.0" encoding="UTF-8"?>
<!-- Generated by org.testng.reporters.JUnitReportReporter -->
<testsuite skipped="0" hostname="LAPTOP-DNV4PNFG" name="Jy.Youtube.Canvas" tests="1" failures="0" timestamp="03 Feb 2021 14:44:54 GMT" time="16.061" errors="0">
  <testcase name="demoCanvas" time="16.061" classname="Jy.Youtube.Canvas"/>
</testsuite> <!-- Jy.Youtube.Canvas -->
