<?xml version="1.0" encoding="UTF-8"?>
<!-- Generated by org.testng.reporters.JUnitReportReporter -->
<testsuite name="com.testng.selenium.Sample3" tests="1" time="0.001" ignored="0" failures="0" timestamp="04 Jun 2020 08:44:41 GMT" skipped="0" hostname="LAPTOP-DNV4PNFG" errors="0">
  <testcase name="m1" time="0.001" classname="com.testng.selenium.Sample3"/>
</testsuite> <!-- com.testng.selenium.Sample3 -->
