<?xml version="1.0" encoding="UTF-8"?>
<!-- Generated by org.testng.reporters.JUnitReportReporter -->
<testsuite name="com.testcases.nse.CookieManagement" tests="1" time="99.898" ignored="0" failures="0" timestamp="11 Mar 2020 17:47:25 GMT" skipped="0" hostname="LAPTOP-DNV4PNFG" errors="0">
  <testcase name="test" time="99.898" classname="com.testcases.nse.CookieManagement"/>
</testsuite> <!-- com.testcases.nse.CookieManagement -->
