<?xml version="1.0" encoding="UTF-8"?>
<!-- Generated by org.testng.reporters.JUnitReportReporter -->
<testsuite name="com.testcases.nse.Launchpage" tests="1" time="13.585" ignored="0" failures="0" timestamp="12 Mar 2020 16:32:33 GMT" skipped="0" hostname="LAPTOP-DNV4PNFG" errors="0">
  <testcase name="launchChrome" time="13.585" classname="com.testcases.nse.Launchpage"/>
</testsuite> <!-- com.testcases.nse.Launchpage -->
