<?xml version="1.0" encoding="UTF-8"?>
<!-- Generated by org.testng.reporters.JUnitReportReporter -->
<testsuite name="com.testcases.nse.DataproviderTest" tests="52" time="0.048" ignored="0" failures="0" timestamp="11 Mar 2020 17:47:25 GMT" skipped="0" hostname="LAPTOP-DNV4PNFG" errors="0">
  <testcase name="test" time="0.001" classname="com.testcases.nse.DataproviderTest"/>
  <testcase name="test2" time="0.001" classname="com.testcases.nse.DataproviderTest"/>
  <testcase name="test1" time="0.002" classname="com.testcases.nse.DataproviderTest"/>
  <testcase name="test1" time="0.007" classname="com.testcases.nse.DataproviderTest"/>
  <testcase name="test2" time="0.002" classname="com.testcases.nse.DataproviderTest"/>
  <testcase name="test2" time="0.000" classname="com.testcases.nse.DataproviderTest"/>
  <testcase name="test" time="0.000" classname="com.testcases.nse.DataproviderTest"/>
  <testcase name="test2" time="0.000" classname="com.testcases.nse.DataproviderTest"/>
  <testcase name="test2" time="0.000" classname="com.testcases.nse.DataproviderTest"/>
  <testcase name="test1" time="0.000" classname="com.testcases.nse.DataproviderTest"/>
  <testcase name="test3" time="0.000" classname="com.testcases.nse.DataproviderTest"/>
  <testcase name="test" time="0.001" classname="com.testcases.nse.DataproviderTest"/>
  <testcase name="test2" time="0.005" classname="com.testcases.nse.DataproviderTest"/>
  <testcase name="test1" time="0.001" classname="com.testcases.nse.DataproviderTest"/>
  <testcase name="test" time="0.000" classname="com.testcases.nse.DataproviderTest"/>
  <testcase name="test3" time="0.000" classname="com.testcases.nse.DataproviderTest"/>
  <testcase name="test1" time="0.003" classname="com.testcases.nse.DataproviderTest"/>
  <testcase name="test" time="0.001" classname="com.testcases.nse.DataproviderTest"/>
  <testcase name="test" time="0.000" classname="com.testcases.nse.DataproviderTest"/>
  <testcase name="test" time="0.000" classname="com.testcases.nse.DataproviderTest"/>
  <testcase name="test2" time="0.002" classname="com.testcases.nse.DataproviderTest"/>
  <testcase name="test" time="0.001" classname="com.testcases.nse.DataproviderTest"/>
  <testcase name="test3" time="0.000" classname="com.testcases.nse.DataproviderTest"/>
  <testcase name="test" time="0.000" classname="com.testcases.nse.DataproviderTest"/>
  <testcase name="test3" time="0.000" classname="com.testcases.nse.DataproviderTest"/>
  <testcase name="test1" time="0.000" classname="com.testcases.nse.DataproviderTest"/>
  <testcase name="test3" time="0.003" classname="com.testcases.nse.DataproviderTest"/>
  <testcase name="test" time="0.001" classname="com.testcases.nse.DataproviderTest"/>
  <testcase name="test1" time="0.001" classname="com.testcases.nse.DataproviderTest"/>
  <testcase name="test1" time="0.001" classname="com.testcases.nse.DataproviderTest"/>
  <testcase name="test3" time="0.000" classname="com.testcases.nse.DataproviderTest"/>
  <testcase name="test" time="0.000" classname="com.testcases.nse.DataproviderTest"/>
  <testcase name="test3" time="0.000" classname="com.testcases.nse.DataproviderTest"/>
  <testcase name="test" time="0.001" classname="com.testcases.nse.DataproviderTest"/>
  <testcase name="test1" time="0.000" classname="com.testcases.nse.DataproviderTest"/>
  <testcase name="test1" time="0.003" classname="com.testcases.nse.DataproviderTest"/>
  <testcase name="test2" time="0.000" classname="com.testcases.nse.DataproviderTest"/>
  <testcase name="test3" time="0.000" classname="com.testcases.nse.DataproviderTest"/>
  <testcase name="test1" time="0.001" classname="com.testcases.nse.DataproviderTest"/>
  <testcase name="test1" time="0.000" classname="com.testcases.nse.DataproviderTest"/>
  <testcase name="test3" time="0.003" classname="com.testcases.nse.DataproviderTest"/>
  <testcase name="test" time="0.000" classname="com.testcases.nse.DataproviderTest"/>
  <testcase name="test2" time="0.001" classname="com.testcases.nse.DataproviderTest"/>
  <testcase name="test1" time="0.003" classname="com.testcases.nse.DataproviderTest"/>
  <testcase name="test3" time="0.000" classname="com.testcases.nse.DataproviderTest"/>
  <testcase name="test2" time="0.000" classname="com.testcases.nse.DataproviderTest"/>
  <testcase name="test2" time="0.000" classname="com.testcases.nse.DataproviderTest"/>
  <testcase name="test3" time="0.000" classname="com.testcases.nse.DataproviderTest"/>
  <testcase name="test3" time="0.001" classname="com.testcases.nse.DataproviderTest"/>
  <testcase name="test2" time="0.000" classname="com.testcases.nse.DataproviderTest"/>
  <testcase name="test2" time="0.002" classname="com.testcases.nse.DataproviderTest"/>
  <testcase name="test3" time="0.000" classname="com.testcases.nse.DataproviderTest"/>
</testsuite> <!-- com.testcases.nse.DataproviderTest -->
