<?xml version="1.0" encoding="UTF-8"?>
<!-- Generated by org.testng.reporters.JUnitReportReporter -->
<testsuite name="com.testcases.nse.AllElementsInWebpage" tests="1" time="31.679" ignored="0" failures="0" timestamp="06 Mar 2020 16:57:16 GMT" skipped="0" hostname="LAPTOP-DNV4PNFG" errors="0">
  <testcase name="allElement" time="31.679" classname="com.testcases.nse.AllElementsInWebpage"/>
</testsuite> <!-- com.testcases.nse.AllElementsInWebpage -->
