<?xml version="1.0" encoding="UTF-8"?>
<!-- Generated by org.testng.reporters.JUnitReportReporter -->
<testsuite name="com.testcases.nse.CheckTitle" tests="1" time="1279.582" ignored="0" failures="0" timestamp="11 Mar 2020 17:47:25 GMT" skipped="0" hostname="LAPTOP-DNV4PNFG" errors="1">
  <testcase name="pageTitle" time="1279.582" classname="com.testcases.nse.CheckTitle">
    <error type="junit.framework.ComparisonFailure" message="expected:&lt;NSE - National Stock Exchange of India Ltd.&gt; but was:&lt;Business News, Stock/Share Market Investment, Live BSE/NSE Sensex &amp; Nifty, Mutual Funds, Commodity Market, Finance Portfolio Investment/Management, Startup news India, Financial News - Moneycontrol&gt;">
      <![CDATA[junit.framework.ComparisonFailure: expected:<NSE - National Stock Exchange of India Ltd.> but was:<Business News, Stock/Share Market Investment, Live BSE/NSE Sensex & Nifty, Mutual Funds, Commodity Market, Finance Portfolio Investment/Management, Startup news India, Financial News - Moneycontrol>
	at junit.framework.Assert.assertEquals(Assert.java:81)
	at junit.framework.Assert.assertEquals(Assert.java:87)
	at com.testcases.nse.CheckTitle.pageTitle(CheckTitle.java:19)
	at sun.reflect.NativeMethodAccessorImpl.invoke0(Native Method)
	at sun.reflect.NativeMethodAccessorImpl.invoke(NativeMethodAccessorImpl.java:62)
	at sun.reflect.DelegatingMethodAccessorImpl.invoke(DelegatingMethodAccessorImpl.java:43)
	at java.lang.reflect.Method.invoke(Method.java:498)
	at org.testng.internal.MethodInvocationHelper.invokeMethod(MethodInvocationHelper.java:104)
	at org.testng.internal.Invoker.invokeMethod(Invoker.java:645)
	at org.testng.internal.Invoker.invokeTestMethod(Invoker.java:851)
	at org.testng.internal.Invoker.invokeTestMethods(Invoker.java:1177)
	at org.testng.internal.TestMethodWorker.invokeTestMethods(TestMethodWorker.java:129)
	at org.testng.internal.TestMethodWorker.run(TestMethodWorker.java:112)
	at java.util.concurrent.ThreadPoolExecutor.runWorker(ThreadPoolExecutor.java:1149)
	at java.util.concurrent.ThreadPoolExecutor$Worker.run(ThreadPoolExecutor.java:624)
	at java.lang.Thread.run(Thread.java:748)
]]>
    </error>
  </testcase> <!-- pageTitle -->
</testsuite> <!-- com.testcases.nse.CheckTitle -->
